[{"name":"Original","description":"-","query":{"text":"SELECT COENTI, NOENTI, VALOR FROM (SELECT COENTI, (SELECT NOENTI FROM SES_CIAS SC WHERE SB.COENTI = SC.COENTI) NOENTI, VALOR FROM SES_BALANCO SB) SB","tree":[{"SelectStmt":{"targetList":[{"ResTarget":{"val":{"ColumnRef":{"fields":[{"String":{"str":"coenti"}}],"location":7}},"location":7}},{"ResTarget":{"val":{"ColumnRef":{"fields":[{"String":{"str":"noenti"}}],"location":15}},"location":15}},{"ResTarget":{"val":{"ColumnRef":{"fields":[{"String":{"str":"valor"}}],"location":23}},"location":23}}],"fromClause":[{"RangeSubselect":{"subquery":{"SelectStmt":{"targetList":[{"ResTarget":{"val":{"ColumnRef":{"fields":[{"String":{"str":"coenti"}}],"location":42}},"location":42}},{"ResTarget":{"name":"noenti","val":{"SubLink":{"subLinkType":4,"subselect":{"SelectStmt":{"targetList":[{"ResTarget":{"val":{"ColumnRef":{"fields":[{"String":{"str":"noenti"}}],"location":58}},"location":58}}],"fromClause":[{"RangeVar":{"relname":"ses_cias","inhOpt":2,"relpersistence":"p","alias":{"Alias":{"aliasname":"sc"}},"location":70}}],"whereClause":{"A_Expr":{"kind":0,"name":[{"String":{"str":"="}}],"lexpr":{"ColumnRef":{"fields":[{"String":{"str":"sb"}},{"String":{"str":"coenti"}}],"location":88}},"rexpr":{"ColumnRef":{"fields":[{"String":{"str":"sc"}},{"String":{"str":"coenti"}}],"location":100}},"location":98}},"op":0}},"location":50}},"location":50}},{"ResTarget":{"val":{"ColumnRef":{"fields":[{"String":{"str":"valor"}}],"location":119}},"location":119}}],"fromClause":[{"RangeVar":{"relname":"ses_balanco","inhOpt":2,"relpersistence":"p","alias":{"Alias":{"aliasname":"sb"}},"location":130}}],"op":0}},"alias":{"Alias":{"aliasname":"sb"}}}}],"op":0}}],"explain":[{"Plan":{"Node Type":"Seq Scan","Relation Name":"ses_balanco","Alias":"sb","Startup Cost":0.0,"Total Cost":26717938.8,"Plan Rows":1000480,"Plan Width":9,"Plans":[{"Node Type":"Seq Scan","Parent Relationship":"SubPlan","Subplan Name":"SubPlan 1","Relation Name":"ses_cias","Alias":"sc","Startup Cost":0.0,"Total Cost":26.69,"Plan Rows":1,"Plan Width":35,"Filter":"(sb.coenti = coenti)"}]}}],"work":true,"cost":26717938.8,"count":0,"type":"SELECT","tables":null,"select":[{"value":"coenti","alias":null,"table":null,"alias_table":null,"schema":null,"data_type":null,"type":"column"},{"value":"noenti","alias":null,"table":null,"alias_table":null,"schema":null,"data_type":null,"type":"column"},{"value":"valor","alias":null,"table":null,"alias_table":null,"schema":null,"data_type":null,"type":"column"}],"where":null,"subquerys":[{"type":"from","alias":"sb","query":[{"text":"SELECT \"coenti\", (SELECT \"noenti\" FROM \"ses_cias\" sc WHERE \"sb\".\"coenti\" = \"sc\".\"coenti\") AS noenti, \"valor\" FROM \"ses_balanco\" sb","tree":[{"SelectStmt":{"targetList":[{"ResTarget":{"val":{"ColumnRef":{"fields":[{"String":{"str":"coenti"}}],"location":7}},"location":7}},{"ResTarget":{"name":"noenti","val":{"SubLink":{"subLinkType":4,"subselect":{"SelectStmt":{"targetList":[{"ResTarget":{"val":{"ColumnRef":{"fields":[{"String":{"str":"noenti"}}],"location":25}},"location":25}}],"fromClause":[{"RangeVar":{"relname":"ses_cias","inhOpt":2,"relpersistence":"p","alias":{"Alias":{"aliasname":"sc"}},"location":39}}],"whereClause":{"A_Expr":{"kind":0,"name":[{"String":{"str":"="}}],"lexpr":{"ColumnRef":{"fields":[{"String":{"str":"sb"}},{"String":{"str":"coenti"}}],"location":59}},"rexpr":{"ColumnRef":{"fields":[{"String":{"str":"sc"}},{"String":{"str":"coenti"}}],"location":75}},"location":73}},"op":0}},"location":17}},"location":17}},{"ResTarget":{"val":{"ColumnRef":{"fields":[{"String":{"str":"valor"}}],"location":101}},"location":101}}],"fromClause":[{"RangeVar":{"relname":"ses_balanco","inhOpt":2,"relpersistence":"p","alias":{"Alias":{"aliasname":"sb"}},"location":114}}],"op":0}}],"explain":[{"Plan":{"Node Type":"Seq Scan","Relation Name":"ses_balanco","Alias":"sb","Startup Cost":0.0,"Total Cost":26717938.8,"Plan Rows":1000480,"Plan Width":9,"Plans":[{"Node Type":"Seq Scan","Parent Relationship":"SubPlan","Subplan Name":"SubPlan 1","Relation Name":"ses_cias","Alias":"sc","Startup Cost":0.0,"Total Cost":26.69,"Plan Rows":1,"Plan Width":35,"Filter":"(sb.coenti = coenti)"}]}}],"work":true,"cost":26717938.8,"count":0,"type":"SELECT","tables":[{"name":"ses_balanco","schema":"public","alias":"sb","columns":[{"name":"coenti","is_nullable":"YES","data_type":"numeric"},{"name":"damesano","is_nullable":"YES","data_type":"character varying"},{"name":"cmpid","is_nullable":"YES","data_type":"numeric"},{"name":"valor","is_nullable":"YES","data_type":"numeric"},{"name":"seq","is_nullable":"YES","data_type":"numeric"},{"name":"quadro","is_nullable":"YES","data_type":"character varying"}]}],"select":[{"value":"coenti","alias":null,"table":"ses_balanco","alias_table":"sb","schema":"public","data_type":"numeric","type":"column"},{"value":"SELECT \"noenti\" FROM \"ses_cias\" sc WHERE \"sb\".\"coenti\" = \"sc\".\"coenti\"","alias":"noenti","table":null,"alias_table":null,"schema":null,"data_type":null,"type":"subquery"},{"value":"valor","alias":null,"table":"ses_balanco","alias_table":"sb","schema":"public","data_type":"numeric","type":"column"}],"where":null,"subquerys":[{"type":"column","alias":"noenti","query":[{"text":"SELECT \"noenti\" FROM \"ses_cias\" sc WHERE \"sb\".\"coenti\" = \"sc\".\"coenti\"","tree":[{"SelectStmt":{"targetList":[{"ResTarget":{"val":{"ColumnRef":{"fields":[{"String":{"str":"noenti"}}],"location":7}},"location":7}}],"fromClause":[{"RangeVar":{"relname":"ses_cias","inhOpt":2,"relpersistence":"p","alias":{"Alias":{"aliasname":"sc"}},"location":21}}],"whereClause":{"A_Expr":{"kind":0,"name":[{"String":{"str":"="}}],"lexpr":{"ColumnRef":{"fields":[{"String":{"str":"sb"}},{"String":{"str":"coenti"}}],"location":41}},"rexpr":{"ColumnRef":{"fields":[{"String":{"str":"sc"}},{"String":{"str":"coenti"}}],"location":57}},"location":55}},"op":0}}],"explain":null,"work":true,"cost":null,"count":0,"type":"SELECT","tables":[{"name":"ses_cias","schema":"public","alias":"sc","columns":[{"name":"coenti","is_nullable":"YES","data_type":"numeric"},{"name":"noenti","is_nullable":"YES","data_type":"character varying"},{"name":"cogrupo","is_nullable":"YES","data_type":"character varying"},{"name":"nogrupo","is_nullable":"YES","data_type":"character varying"}]}],"select":[{"value":"noenti","alias":null,"table":"ses_cias","alias_table":"sc","schema":"public","data_type":"character varying","type":"column"}],"where":{"operator":"=","left_expr":{"value":"coenti","table":null,"alias_table":"sb","schema":null,"data_type":null,"type":"column"},"right_expr":{"value":"coenti","table":"ses_cias","alias_table":"sc","schema":"public","data_type":"numeric","type":"column"}},"subquerys":null}]}]}]}]},"performance":0,"reescrever":false,"rank":1}]